<?xml version="1.0" encoding="UTF-8"?>
<robot generator="Robot 3.2.1 (Python 3.8.2 on win32)" generated="20200620 12:10:32.989" rpa="false">
<suite id="s1" name="ProjectREDTest" source="C:\Users\dell\eclipse-workspace\ProjectREDTest">
<suite id="s1-s1" name="TestRED" source="C:\Users\dell\eclipse-workspace\ProjectREDTest\TestRED">
<suite id="s1-s1-s1" name="TestSuite" source="C:\Users\dell\eclipse-workspace\ProjectREDTest\TestRED\TestSuite.robot">
<kw name="Log" library="BuiltIn" type="setup">
<doc>Logs the given message with the given level.</doc>
<arguments>
<arg>I am in Suite Setup</arg>
</arguments>
<msg timestamp="20200620 12:10:33.214" level="INFO">I am in Suite Setup</msg>
<status status="PASS" starttime="20200620 12:10:33.214" endtime="20200620 12:10:33.215"></status>
</kw>
<test id="s1-s1-s1-t1" name="FirstLoginTest">
<kw name="Log" library="BuiltIn" type="setup">
<doc>Logs the given message with the given level.</doc>
<arguments>
<arg>I am in Test Setup</arg>
</arguments>
<msg timestamp="20200620 12:10:33.215" level="INFO">I am in Test Setup</msg>
<status status="PASS" starttime="20200620 12:10:33.215" endtime="20200620 12:10:33.215"></status>
</kw>
<kw name="Open Browser" library="SeleniumLibrary">
<doc>Opens a new browser instance to the optional ``url``.</doc>
<arguments>
<arg>${URL}</arg>
<arg>chrome</arg>
</arguments>
<msg timestamp="20200620 12:10:33.216" level="INFO">Opening browser 'chrome' to base url 'https://opensource-demo.orangehrmlive.com/'.</msg>
<status status="PASS" starttime="20200620 12:10:33.216" endtime="20200620 12:10:40.026"></status>
</kw>
<kw name="Set Browser Implicit Wait" library="SeleniumLibrary">
<doc>Sets the implicit wait value used by Selenium.</doc>
<arguments>
<arg>5</arg>
</arguments>
<status status="PASS" starttime="20200620 12:10:40.026" endtime="20200620 12:10:40.028"></status>
</kw>
<kw name="LoginKW">
<kw name="Input Text" library="SeleniumLibrary">
<doc>Types the given ``text`` into the text field identified by ``locator``.</doc>
<arguments>
<arg>id=txtUsername</arg>
<arg>${Login}[username]</arg>
</arguments>
<msg timestamp="20200620 12:10:40.028" level="INFO">Typing text 'Admin' into text field 'id=txtUsername'.</msg>
<status status="PASS" starttime="20200620 12:10:40.028" endtime="20200620 12:10:40.128"></status>
</kw>
<kw name="Input Password" library="SeleniumLibrary">
<doc>Types the given password into the text field identified by ``locator``.</doc>
<arguments>
<arg>id=txtPassword</arg>
<arg>${Login}[password]</arg>
</arguments>
<msg timestamp="20200620 12:10:40.129" level="INFO">Typing password into text field 'id=txtPassword'.</msg>
<msg timestamp="20200620 12:10:40.171" level="INFO">Temporally setting log level to: NONE</msg>
<msg timestamp="20200620 12:10:40.237" level="INFO">Log level changed from NONE to INFO.</msg>
<status status="PASS" starttime="20200620 12:10:40.128" endtime="20200620 12:10:40.237"></status>
</kw>
<kw name="Click Button" library="SeleniumLibrary">
<doc>Clicks the button identified by ``locator``.</doc>
<arguments>
<arg>id=btnLogin</arg>
</arguments>
<msg timestamp="20200620 12:10:40.237" level="INFO">Clicking button 'id=btnLogin'.</msg>
<status status="PASS" starttime="20200620 12:10:40.237" endtime="20200620 12:10:45.973"></status>
</kw>
<status status="PASS" starttime="20200620 12:10:40.028" endtime="20200620 12:10:45.973"></status>
</kw>
<kw name="Maximize Browser Window" library="SeleniumLibrary">
<doc>Maximizes current browser window.</doc>
<status status="PASS" starttime="20200620 12:10:45.973" endtime="20200620 12:10:48.186"></status>
</kw>
<kw name="Capture Element Screenshot" library="SeleniumLibrary">
<doc>Captures a screenshot from the element identified by ``locator`` and embeds it into log file.</doc>
<arguments>
<arg>id=welcome</arg>
</arguments>
<msg timestamp="20200620 12:10:48.603" level="INFO" html="yes">&lt;/td&gt;&lt;/tr&gt;&lt;tr&gt;&lt;td colspan="3"&gt;&lt;a href="selenium-element-screenshot-16.png"&gt;&lt;img src="selenium-element-screenshot-16.png" width="400px"&gt;&lt;/a&gt;</msg>
<status status="PASS" starttime="20200620 12:10:48.187" endtime="20200620 12:10:48.603"></status>
</kw>
<kw name="Click Element" library="SeleniumLibrary">
<doc>Click the element identified by ``locator``.</doc>
<arguments>
<arg>//a[@id='menu_time_viewTimeModule']</arg>
</arguments>
<msg timestamp="20200620 12:10:48.607" level="INFO">Clicking element '//a[@id='menu_time_viewTimeModule']'.</msg>
<status status="PASS" starttime="20200620 12:10:48.605" endtime="20200620 12:10:50.511"></status>
</kw>
<kw name="Input Text" library="SeleniumLibrary">
<doc>Types the given ``text`` into the text field identified by ``locator``.</doc>
<arguments>
<arg>//input[@id='employee']</arg>
<arg>Linda Anderson</arg>
</arguments>
<msg timestamp="20200620 12:10:50.514" level="INFO">Typing text 'Linda Anderson' into text field '//input[@id='employee']'.</msg>
<status status="PASS" starttime="20200620 12:10:50.512" endtime="20200620 12:10:50.967"></status>
</kw>
<kw name="Click Element" library="SeleniumLibrary">
<doc>Click the element identified by ``locator``.</doc>
<arguments>
<arg>//input[@id='btnView']</arg>
</arguments>
<msg timestamp="20200620 12:10:50.971" level="INFO">Clicking element '//input[@id='btnView']'.</msg>
<status status="PASS" starttime="20200620 12:10:50.969" endtime="20200620 12:10:53.324"></status>
</kw>
<kw name="Get Text" library="SeleniumLibrary">
<doc>Returns the text value of the element identified by ``locator``.</doc>
<arguments>
<arg>//div[@class='message warning']</arg>
</arguments>
<assign>
<var>${CheckMessage}</var>
</assign>
<msg timestamp="20200620 12:10:53.381" level="INFO">${CheckMessage} = No Timesheets Found</msg>
<status status="PASS" starttime="20200620 12:10:53.325" endtime="20200620 12:10:53.381"></status>
</kw>
<kw name="Run Keyword If" library="BuiltIn">
<doc>Runs the given keyword with the given arguments, if ``condition`` is true.</doc>
<arguments>
<arg>'${CheckMessage}' == 'No Timesheets Found'</arg>
<arg>AddTimeSheet</arg>
</arguments>
<kw name="AddTimeSheet">
<kw name="Log" library="BuiltIn">
<doc>Logs the given message with the given level.</doc>
<arguments>
<arg>TimeSheet Needs to be Added</arg>
</arguments>
<msg timestamp="20200620 12:10:53.382" level="INFO">TimeSheet Needs to be Added</msg>
<status status="PASS" starttime="20200620 12:10:53.382" endtime="20200620 12:10:53.386"></status>
</kw>
<kw name="Click Element" library="SeleniumLibrary">
<doc>Click the element identified by ``locator``.</doc>
<arguments>
<arg>//input[@id='btnAddTimesheet']</arg>
</arguments>
<msg timestamp="20200620 12:10:53.387" level="INFO">Clicking element '//input[@id='btnAddTimesheet']'.</msg>
<status status="PASS" starttime="20200620 12:10:53.386" endtime="20200620 12:10:53.520"></status>
</kw>
<status status="PASS" starttime="20200620 12:10:53.382" endtime="20200620 12:10:53.523"></status>
</kw>
<status status="PASS" starttime="20200620 12:10:53.382" endtime="20200620 12:10:53.524"></status>
</kw>
<kw name="Click Element" library="SeleniumLibrary">
<doc>Click the element identified by ``locator``.</doc>
<arguments>
<arg>id=welcome</arg>
</arguments>
<msg timestamp="20200620 12:10:53.527" level="INFO">Clicking element 'id=welcome'.</msg>
<status status="PASS" starttime="20200620 12:10:53.526" endtime="20200620 12:10:53.677"></status>
</kw>
<kw name="Click Element" library="SeleniumLibrary">
<doc>Click the element identified by ``locator``.</doc>
<arguments>
<arg>link=Logout</arg>
</arguments>
<msg timestamp="20200620 12:10:53.677" level="INFO">Clicking element 'link=Logout'.</msg>
<status status="PASS" starttime="20200620 12:10:53.677" endtime="20200620 12:10:55.231"></status>
</kw>
<kw name="Close Browser" library="SeleniumLibrary">
<doc>Closes the current browser.</doc>
<status status="PASS" starttime="20200620 12:10:55.232" endtime="20200620 12:10:57.531"></status>
</kw>
<kw name="Log" library="BuiltIn">
<doc>Logs the given message with the given level.</doc>
<arguments>
<arg>Test Completed</arg>
</arguments>
<msg timestamp="20200620 12:10:57.534" level="INFO">Test Completed</msg>
<status status="PASS" starttime="20200620 12:10:57.532" endtime="20200620 12:10:57.535"></status>
</kw>
<kw name="Log" library="BuiltIn">
<doc>Logs the given message with the given level.</doc>
<arguments>
<arg>Test was run by %{username} on %{os}</arg>
</arguments>
<msg timestamp="20200620 12:10:57.537" level="INFO">Test was run by dell on Windows_NT</msg>
<status status="PASS" starttime="20200620 12:10:57.536" endtime="20200620 12:10:57.537"></status>
</kw>
<kw name="Log" library="BuiltIn" type="teardown">
<doc>Logs the given message with the given level.</doc>
<arguments>
<arg>I am in Test teardown</arg>
</arguments>
<msg timestamp="20200620 12:10:57.540" level="INFO">I am in Test teardown</msg>
<status status="PASS" starttime="20200620 12:10:57.539" endtime="20200620 12:10:57.540"></status>
</kw>
<doc>This is sample login</doc>
<tags>
<tag>smoke</tag>
</tags>
<status status="PASS" starttime="20200620 12:10:33.215" endtime="20200620 12:10:57.541" critical="yes"></status>
</test>
<kw name="Log" library="BuiltIn" type="teardown">
<doc>Logs the given message with the given level.</doc>
<arguments>
<arg>I am in Suite Teardown</arg>
</arguments>
<msg timestamp="20200620 12:10:57.545" level="INFO">I am in Suite Teardown</msg>
<status status="PASS" starttime="20200620 12:10:57.545" endtime="20200620 12:10:57.545"></status>
</kw>
<status status="PASS" starttime="20200620 12:10:33.049" endtime="20200620 12:10:57.546"></status>
</suite>
<status status="PASS" starttime="20200620 12:10:33.048" endtime="20200620 12:10:57.553"></status>
</suite>
<status status="PASS" starttime="20200620 12:10:33.022" endtime="20200620 12:10:57.560"></status>
</suite>
<statistics>
<total>
<stat pass="1" fail="0">Critical Tests</stat>
<stat pass="1" fail="0">All Tests</stat>
</total>
<tag>
<stat pass="1" fail="0">smoke</stat>
</tag>
<suite>
<stat pass="1" fail="0" id="s1" name="ProjectREDTest">ProjectREDTest</stat>
<stat pass="1" fail="0" id="s1-s1" name="TestRED">ProjectREDTest.TestRED</stat>
<stat pass="1" fail="0" id="s1-s1-s1" name="TestSuite">ProjectREDTest.TestRED.TestSuite</stat>
</suite>
</statistics>
<errors>
</errors>
</robot>
