<?xml version="1.0" encoding="UTF-8"?>
<robot generator="Robot 3.2.1 (Python 3.8.2 on win32)" generated="20200620 21:40:53.476" rpa="false">
<suite id="s1" name="TestSuite" source="C:\Users\dell\git\RobotProject\ProjectREDTest\TestRED\TestSuite.robot">
<kw name="Log" library="BuiltIn" type="setup">
<doc>Logs the given message with the given level.</doc>
<arguments>
<arg>I am in Suite Setup</arg>
</arguments>
<msg timestamp="20200620 21:40:53.848" level="INFO">I am in Suite Setup</msg>
<status status="PASS" starttime="20200620 21:40:53.848" endtime="20200620 21:40:53.848"></status>
</kw>
<test id="s1-t1" name="FirstTest">
<kw name="Log" library="BuiltIn" type="setup">
<doc>Logs the given message with the given level.</doc>
<arguments>
<arg>I am in Test Setup</arg>
</arguments>
<msg timestamp="20200620 21:40:53.848" level="INFO">I am in Test Setup</msg>
<status status="PASS" starttime="20200620 21:40:53.848" endtime="20200620 21:40:53.848"></status>
</kw>
<kw name="Log" library="BuiltIn">
<doc>Logs the given message with the given level.</doc>
<arguments>
<arg>"Hello World"</arg>
</arguments>
<msg timestamp="20200620 21:40:53.848" level="INFO">"Hello World"</msg>
<status status="PASS" starttime="20200620 21:40:53.848" endtime="20200620 21:40:53.848"></status>
</kw>
<kw name="Log" library="BuiltIn" type="teardown">
<doc>Logs the given message with the given level.</doc>
<arguments>
<arg>I am in Test teardown</arg>
</arguments>
<msg timestamp="20200620 21:40:53.856" level="INFO">I am in Test teardown</msg>
<status status="PASS" starttime="20200620 21:40:53.848" endtime="20200620 21:40:53.856"></status>
</kw>
<tags>
<tag>sanity</tag>
</tags>
<status status="PASS" starttime="20200620 21:40:53.848" endtime="20200620 21:40:53.856" critical="yes"></status>
</test>
<test id="s1-t2" name="SecondTest">
<kw name="Log" library="BuiltIn" type="setup">
<doc>Logs the given message with the given level.</doc>
<arguments>
<arg>I am in Test Setup</arg>
</arguments>
<msg timestamp="20200620 21:40:53.856" level="INFO">I am in Test Setup</msg>
<status status="PASS" starttime="20200620 21:40:53.856" endtime="20200620 21:40:53.856"></status>
</kw>
<kw name="Log" library="BuiltIn">
<doc>Logs the given message with the given level.</doc>
<arguments>
<arg>This is second test</arg>
</arguments>
<msg timestamp="20200620 21:40:53.856" level="INFO">This is second test</msg>
<status status="PASS" starttime="20200620 21:40:53.856" endtime="20200620 21:40:53.856"></status>
</kw>
<kw name="Log" library="BuiltIn" type="teardown">
<doc>Logs the given message with the given level.</doc>
<arguments>
<arg>I am in Test teardown</arg>
</arguments>
<msg timestamp="20200620 21:40:53.856" level="INFO">I am in Test teardown</msg>
<status status="PASS" starttime="20200620 21:40:53.856" endtime="20200620 21:40:53.856"></status>
</kw>
<tags>
<tag>regression</tag>
</tags>
<status status="PASS" starttime="20200620 21:40:53.856" endtime="20200620 21:40:53.856" critical="yes"></status>
</test>
<test id="s1-t3" name="FirstSelTest">
<kw name="Log" library="BuiltIn" type="setup">
<doc>Logs the given message with the given level.</doc>
<arguments>
<arg>I am in Test Setup</arg>
</arguments>
<msg timestamp="20200620 21:40:53.856" level="INFO">I am in Test Setup</msg>
<status status="PASS" starttime="20200620 21:40:53.856" endtime="20200620 21:40:53.856"></status>
</kw>
<kw name="Open Browser" library="SeleniumLibrary">
<doc>Opens a new browser instance to the optional ``url``.</doc>
<arguments>
<arg>https://google.com/</arg>
<arg>chrome</arg>
</arguments>
<msg timestamp="20200620 21:40:53.856" level="INFO">Opening browser 'chrome' to base url 'https://google.com/'.</msg>
<status status="PASS" starttime="20200620 21:40:53.856" endtime="20200620 21:40:59.697"></status>
</kw>
<kw name="Input Text" library="SeleniumLibrary">
<doc>Types the given ``text`` into the text field identified by ``locator``.</doc>
<arguments>
<arg>name=q</arg>
<arg>Automation step by step</arg>
</arguments>
<msg timestamp="20200620 21:40:59.698" level="INFO">Typing text 'Automation step by step' into text field 'name=q'.</msg>
<status status="PASS" starttime="20200620 21:40:59.697" endtime="20200620 21:41:00.221"></status>
</kw>
<kw name="Press Keys" library="SeleniumLibrary">
<doc>Simulates the user pressing key(s) to an element or on the active browser.</doc>
<arguments>
<arg>name=q</arg>
<arg>ENTER</arg>
</arguments>
<msg timestamp="20200620 21:41:00.221" level="INFO">Sending key(s) ('ENTER',) to name=q element.</msg>
<msg timestamp="20200620 21:41:00.538" level="INFO">Pressing special key ENTER to element.</msg>
<msg timestamp="20200620 21:41:00.539" level="INFO">Releasing special key ENTER.</msg>
<status status="PASS" starttime="20200620 21:41:00.221" endtime="20200620 21:41:04.090"></status>
</kw>
<kw name="Sleep" library="BuiltIn">
<doc>Pauses the test executed for the given time.</doc>
<arguments>
<arg>5</arg>
</arguments>
<msg timestamp="20200620 21:41:09.094" level="INFO">Slept 5 seconds</msg>
<status status="PASS" starttime="20200620 21:41:04.090" endtime="20200620 21:41:09.094"></status>
</kw>
<kw name="Close Browser" library="SeleniumLibrary">
<doc>Closes the current browser.</doc>
<status status="PASS" starttime="20200620 21:41:09.095" endtime="20200620 21:41:11.369"></status>
</kw>
<kw name="Log" library="BuiltIn">
<doc>Logs the given message with the given level.</doc>
<arguments>
<arg>Test Completed</arg>
</arguments>
<msg timestamp="20200620 21:41:11.370" level="INFO">Test Completed</msg>
<status status="PASS" starttime="20200620 21:41:11.370" endtime="20200620 21:41:11.371"></status>
</kw>
<kw name="Log" library="BuiltIn" type="teardown">
<doc>Logs the given message with the given level.</doc>
<arguments>
<arg>I am in Test teardown</arg>
</arguments>
<msg timestamp="20200620 21:41:11.371" level="INFO">I am in Test teardown</msg>
<status status="PASS" starttime="20200620 21:41:11.371" endtime="20200620 21:41:11.371"></status>
</kw>
<tags>
<tag>smoke</tag>
</tags>
<status status="PASS" starttime="20200620 21:40:53.856" endtime="20200620 21:41:11.371" critical="yes"></status>
</test>
<test id="s1-t4" name="FirstLoginTest">
<kw name="Log" library="BuiltIn" type="setup">
<doc>Logs the given message with the given level.</doc>
<arguments>
<arg>I am in Test Setup</arg>
</arguments>
<msg timestamp="20200620 21:41:11.371" level="INFO">I am in Test Setup</msg>
<status status="PASS" starttime="20200620 21:41:11.371" endtime="20200620 21:41:11.371"></status>
</kw>
<kw name="Open Browser" library="SeleniumLibrary">
<doc>Opens a new browser instance to the optional ``url``.</doc>
<arguments>
<arg>${URL}</arg>
<arg>chrome</arg>
</arguments>
<msg timestamp="20200620 21:41:11.371" level="INFO">Opening browser 'chrome' to base url 'https://opensource-demo.orangehrmlive.com/'.</msg>
<status status="PASS" starttime="20200620 21:41:11.371" endtime="20200620 21:41:19.148"></status>
</kw>
<kw name="Set Browser Implicit Wait" library="SeleniumLibrary">
<doc>Sets the implicit wait value used by Selenium.</doc>
<arguments>
<arg>5</arg>
</arguments>
<status status="PASS" starttime="20200620 21:41:19.149" endtime="20200620 21:41:19.150"></status>
</kw>
<kw name="LoginKW">
<kw name="Input Text" library="SeleniumLibrary">
<doc>Types the given ``text`` into the text field identified by ``locator``.</doc>
<arguments>
<arg>id=txtUsername</arg>
<arg>${Login}[username]</arg>
</arguments>
<msg timestamp="20200620 21:41:19.151" level="INFO">Typing text 'Admin' into text field 'id=txtUsername'.</msg>
<status status="PASS" starttime="20200620 21:41:19.150" endtime="20200620 21:41:19.268"></status>
</kw>
<kw name="Input Password" library="SeleniumLibrary">
<doc>Types the given password into the text field identified by ``locator``.</doc>
<arguments>
<arg>id=txtPassword</arg>
<arg>${Login}[password]</arg>
</arguments>
<msg timestamp="20200620 21:41:19.269" level="INFO">Typing password into text field 'id=txtPassword'.</msg>
<msg timestamp="20200620 21:41:19.313" level="INFO">Temporally setting log level to: NONE</msg>
<msg timestamp="20200620 21:41:19.367" level="INFO">Log level changed from NONE to INFO.</msg>
<status status="PASS" starttime="20200620 21:41:19.268" endtime="20200620 21:41:19.367"></status>
</kw>
<kw name="Click Button" library="SeleniumLibrary">
<doc>Clicks the button identified by ``locator``.</doc>
<arguments>
<arg>id=btnLogin</arg>
</arguments>
<msg timestamp="20200620 21:41:19.367" level="INFO">Clicking button 'id=btnLogin'.</msg>
<status status="PASS" starttime="20200620 21:41:19.367" endtime="20200620 21:41:25.068"></status>
</kw>
<status status="PASS" starttime="20200620 21:41:19.150" endtime="20200620 21:41:25.068"></status>
</kw>
<kw name="Maximize Browser Window" library="SeleniumLibrary">
<doc>Maximizes current browser window.</doc>
<status status="PASS" starttime="20200620 21:41:25.068" endtime="20200620 21:41:27.214"></status>
</kw>
<kw name="Capture Element Screenshot" library="SeleniumLibrary">
<doc>Captures a screenshot from the element identified by ``locator`` and embeds it into log file.</doc>
<arguments>
<arg>id=welcome</arg>
</arguments>
<msg timestamp="20200620 21:41:27.562" level="INFO" html="yes">&lt;/td&gt;&lt;/tr&gt;&lt;tr&gt;&lt;td colspan="3"&gt;&lt;a href="selenium-element-screenshot-3.png"&gt;&lt;img src="selenium-element-screenshot-3.png" width="400px"&gt;&lt;/a&gt;</msg>
<status status="PASS" starttime="20200620 21:41:27.214" endtime="20200620 21:41:27.562"></status>
</kw>
<kw name="Click Element" library="SeleniumLibrary">
<doc>Click the element identified by ``locator``.</doc>
<arguments>
<arg>//a[@id='menu_time_viewTimeModule']</arg>
</arguments>
<msg timestamp="20200620 21:41:27.564" level="INFO">Clicking element '//a[@id='menu_time_viewTimeModule']'.</msg>
<status status="PASS" starttime="20200620 21:41:27.563" endtime="20200620 21:41:29.201"></status>
</kw>
<kw name="Input Text" library="SeleniumLibrary">
<doc>Types the given ``text`` into the text field identified by ``locator``.</doc>
<arguments>
<arg>//input[@id='employee']</arg>
<arg>Linda Anderson</arg>
</arguments>
<msg timestamp="20200620 21:41:29.203" level="INFO">Typing text 'Linda Anderson' into text field '//input[@id='employee']'.</msg>
<kw name="Capture Page Screenshot" library="SeleniumLibrary">
<doc>Takes a screenshot of the current page and embeds it into a log file.</doc>
<msg timestamp="20200620 21:41:34.706" level="INFO" html="yes">&lt;/td&gt;&lt;/tr&gt;&lt;tr&gt;&lt;td colspan="3"&gt;&lt;a href="selenium-screenshot-2.png"&gt;&lt;img src="selenium-screenshot-2.png" width="800px"&gt;&lt;/a&gt;</msg>
<status status="PASS" starttime="20200620 21:41:34.259" endtime="20200620 21:41:34.706"></status>
</kw>
<msg timestamp="20200620 21:41:34.707" level="FAIL">Element with locator '//input[@id='employee']' not found.</msg>
<status status="FAIL" starttime="20200620 21:41:29.202" endtime="20200620 21:41:34.707"></status>
</kw>
<kw name="Log" library="BuiltIn" type="teardown">
<doc>Logs the given message with the given level.</doc>
<arguments>
<arg>I am in Test teardown</arg>
</arguments>
<msg timestamp="20200620 21:41:34.707" level="INFO">I am in Test teardown</msg>
<status status="PASS" starttime="20200620 21:41:34.707" endtime="20200620 21:41:34.707"></status>
</kw>
<doc>This is sample login</doc>
<tags>
<tag>smoke</tag>
</tags>
<status status="FAIL" starttime="20200620 21:41:11.371" endtime="20200620 21:41:34.707" critical="yes">Element with locator '//input[@id='employee']' not found.</status>
</test>
<kw name="Log" library="BuiltIn" type="teardown">
<doc>Logs the given message with the given level.</doc>
<arguments>
<arg>I am in Suite Teardown</arg>
</arguments>
<msg timestamp="20200620 21:41:34.711" level="INFO">I am in Suite Teardown</msg>
<status status="PASS" starttime="20200620 21:41:34.711" endtime="20200620 21:41:34.711"></status>
</kw>
<status status="FAIL" starttime="20200620 21:40:53.479" endtime="20200620 21:41:34.711"></status>
</suite>
<statistics>
<total>
<stat pass="3" fail="1">Critical Tests</stat>
<stat pass="3" fail="1">All Tests</stat>
</total>
<tag>
<stat pass="1" fail="0">regression</stat>
<stat pass="1" fail="0">sanity</stat>
<stat pass="1" fail="1">smoke</stat>
</tag>
<suite>
<stat pass="3" fail="1" id="s1" name="TestSuite">TestSuite</stat>
</suite>
</statistics>
<errors>
</errors>
</robot>
